\BOOKMARK [1][-]{section.1}{Quotes \(To be removed\)}{}% 1
\BOOKMARK [2][-]{subsection.1.1}{Deuteron Form Factors}{section.1}% 2
\BOOKMARK [2][-]{subsection.1.2}{Light Cone Calculations}{section.1}% 3
\BOOKMARK [2][-]{subsection.1.3}{Guides to Experimental Set-Up}{section.1}% 4
\BOOKMARK [2][-]{subsection.1.4}{LiD vs He2D}{section.1}% 5
\BOOKMARK [2][-]{subsection.1.5}{Short Range Correlations}{section.1}% 6
\BOOKMARK [2][-]{subsection.1.6}{Notation and Conventions}{section.1}% 7
\BOOKMARK [2][-]{subsection.1.7}{Tensor Polarization/Force and NN Interactions/SRC}{section.1}% 8
\BOOKMARK [2][-]{subsection.1.8}{6-quark systems, hidden color}{section.1}% 9
\BOOKMARK [2][-]{subsection.1.9}{Color transparency}{section.1}% 10
\BOOKMARK [2][-]{subsection.1.10}{Applications to Astrophysics}{section.1}% 11
\BOOKMARK [1][-]{section.2}{Background and Motivation}{}% 12
\BOOKMARK [2][-]{subsection.2.1}{Deuteron Wavefunction}{section.2}% 13
\BOOKMARK [2][-]{subsection.2.2}{Tensor Asymmetry Azz}{section.2}% 14
\BOOKMARK [1][-]{section.3}{The Proposed Experiment}{}% 15
\BOOKMARK [2][-]{subsection.3.1}{Experimental Method}{section.3}% 16
\BOOKMARK [3][-]{subsubsection.3.1.1}{Statistical Uncertainty}{subsection.3.1}% 17
\BOOKMARK [3][-]{subsubsection.3.1.2}{Systematic Uncertainty}{subsection.3.1}% 18
\BOOKMARK [2][-]{subsection.3.2}{Kinematics}{section.3}% 19
\BOOKMARK [2][-]{subsection.3.3}{Polarized Target}{section.3}% 20
\BOOKMARK [3][-]{subsubsection.3.3.1}{Polarization Analysis}{subsection.3.3}% 21
\BOOKMARK [3][-]{subsubsection.3.3.2}{Depolarizing the Target}{subsection.3.3}% 22
\BOOKMARK [3][-]{subsubsection.3.3.3}{Rendering Dilution Factor}{subsection.3.3}% 23
